regist time: 2016-04-22 04:00:00+08:00
time: 2016-04-21 21:48:40.713079+08:00 try it later
time: 2016-04-21 21:49:40.773330+08:00 try it later
time: 2016-04-21 21:50:40.833992+08:00 try it later
time: 2016-04-21 21:51:40.894643+08:00 try it later
time: 2016-04-21 21:52:40.955559+08:00 try it later
time: 2016-04-21 21:53:41.016220+08:00 try it later
time: 2016-04-21 21:54:41.078386+08:00 try it later
time: 2016-04-21 21:55:41.138939+08:00 try it later
time: 2016-04-21 21:56:41.199659+08:00 try it later
time: 2016-04-21 21:57:41.257912+08:00 try it later
time: 2016-04-21 21:58:41.319159+08:00 try it later
time: 2016-04-21 21:59:41.380206+08:00 try it later
time: 2016-04-21 22:00:41.441130+08:00 try it later
time: 2016-04-21 22:01:41.501871+08:00 try it later
time: 2016-04-21 22:02:41.562905+08:00 try it later
time: 2016-04-21 22:03:41.623349+08:00 try it later
time: 2016-04-21 22:04:41.683975+08:00 try it later
time: 2016-04-21 22:05:41.744837+08:00 try it later
time: 2016-04-21 22:06:41.804739+08:00 try it later
time: 2016-04-21 22:07:41.865644+08:00 try it later
time: 2016-04-21 22:08:41.926508+08:00 try it later
time: 2016-04-21 22:09:41.987234+08:00 try it later
time: 2016-04-21 22:10:42.049346+08:00 try it later
time: 2016-04-21 22:11:42.110591+08:00 try it later
time: 2016-04-21 22:12:42.171041+08:00 try it later
time: 2016-04-21 22:13:42.231863+08:00 try it later
time: 2016-04-21 22:14:42.289660+08:00 try it later
time: 2016-04-21 22:15:42.350926+08:00 try it later
time: 2016-04-21 22:16:42.411793+08:00 try it later
time: 2016-04-21 22:17:42.474001+08:00 try it later
time: 2016-04-21 22:18:42.535539+08:00 try it later
time: 2016-04-21 22:19:42.584895+08:00 try it later
time: 2016-04-21 22:20:42.641088+08:00 try it later
time: 2016-04-21 22:21:42.701604+08:00 try it later
time: 2016-04-21 22:22:42.762042+08:00 try it later
time: 2016-04-21 22:23:42.823027+08:00 try it later
time: 2016-04-21 22:24:42.884005+08:00 try it later
time: 2016-04-21 22:25:42.945648+08:00 try it later
time: 2016-04-21 22:26:43.007060+08:00 try it later
time: 2016-04-21 22:27:43.068003+08:00 try it later
time: 2016-04-21 22:28:43.130556+08:00 try it later
time: 2016-04-21 22:29:43.191377+08:00 try it later
time: 2016-04-21 22:30:43.252234+08:00 try it later
time: 2016-04-21 22:31:43.314088+08:00 try it later
time: 2016-04-21 22:32:43.374939+08:00 try it later
time: 2016-04-21 22:33:43.435748+08:00 try it later
time: 2016-04-21 22:34:43.496228+08:00 try it later
time: 2016-04-21 22:35:43.517486+08:00 try it later
time: 2016-04-21 22:36:43.558830+08:00 try it later
time: 2016-04-21 22:37:43.619479+08:00 try it later
time: 2016-04-21 22:38:43.670271+08:00 try it later
time: 2016-04-21 22:39:43.731658+08:00 try it later
time: 2016-04-21 22:40:43.791902+08:00 try it later
time: 2016-04-21 22:41:43.853237+08:00 try it later
time: 2016-04-21 22:42:43.913166+08:00 try it later
time: 2016-04-21 22:43:43.974023+08:00 try it later
time: 2016-04-21 22:44:44.035056+08:00 try it later
time: 2016-04-21 22:45:44.095542+08:00 try it later
time: 2016-04-21 22:46:44.156249+08:00 try it later
time: 2016-04-21 22:47:44.217216+08:00 try it later
time: 2016-04-21 22:48:44.276834+08:00 try it later
time: 2016-04-21 22:49:44.326140+08:00 try it later
time: 2016-04-21 22:50:44.386760+08:00 try it later
time: 2016-04-21 22:51:44.447916+08:00 try it later
time: 2016-04-21 22:52:44.510402+08:00 try it later
time: 2016-04-21 22:53:44.571291+08:00 try it later
time: 2016-04-21 22:54:44.631749+08:00 try it later
time: 2016-04-21 22:55:44.693769+08:00 try it later
time: 2016-04-21 22:56:44.755196+08:00 try it later
time: 2016-04-21 22:57:44.816636+08:00 try it later
time: 2016-04-21 22:58:44.877624+08:00 try it later
time: 2016-04-21 22:59:44.938108+08:00 try it later
time: 2016-04-21 23:00:44.998393+08:00 try it later
time: 2016-04-21 23:01:45.058916+08:00 try it later
time: 2016-04-21 23:02:45.116569+08:00 try it later
time: 2016-04-21 23:03:45.177311+08:00 try it later
time: 2016-04-21 23:04:45.238257+08:00 try it later
time: 2016-04-21 23:05:45.274880+08:00 try it later
time: 2016-04-21 23:06:45.335591+08:00 try it later
time: 2016-04-21 23:07:45.400276+08:00 try it later
time: 2016-04-21 23:08:45.442591+08:00 try it later
time: 2016-04-21 23:09:45.449563+08:00 try it later
time: 2016-04-21 23:10:45.510269+08:00 try it later
time: 2016-04-21 23:11:45.570916+08:00 try it later
time: 2016-04-21 23:12:45.631939+08:00 try it later
time: 2016-04-21 23:13:45.692495+08:00 try it later
time: 2016-04-21 23:14:45.753344+08:00 try it later
time: 2016-04-21 23:15:45.814293+08:00 try it later
time: 2016-04-21 23:16:45.875183+08:00 try it later
time: 2016-04-21 23:17:45.937652+08:00 try it later
time: 2016-04-21 23:18:45.961688+08:00 try it later
time: 2016-04-21 23:19:46.022721+08:00 try it later
time: 2016-04-21 23:20:46.083930+08:00 try it later
time: 2016-04-21 23:21:46.145800+08:00 try it later
time: 2016-04-21 23:22:46.207283+08:00 try it later
time: 2016-04-21 23:23:46.268304+08:00 try it later
time: 2016-04-21 23:24:46.329254+08:00 try it later
time: 2016-04-21 23:25:46.389856+08:00 try it later
time: 2016-04-21 23:26:46.451096+08:00 try it later
time: 2016-04-21 23:27:46.512250+08:00 try it later
time: 2016-04-21 23:28:46.575252+08:00 try it later
time: 2016-04-21 23:29:46.635482+08:00 try it later
time: 2016-04-21 23:30:46.640525+08:00 try it later
time: 2016-04-21 23:31:46.700927+08:00 try it later
time: 2016-04-21 23:32:46.761599+08:00 try it later
time: 2016-04-21 23:33:46.822541+08:00 try it later
time: 2016-04-21 23:34:46.883001+08:00 try it later
time: 2016-04-21 23:35:46.943634+08:00 try it later
time: 2016-04-21 23:36:47.001004+08:00 try it later
time: 2016-04-21 23:37:47.060927+08:00 try it later
time: 2016-04-21 23:38:47.122100+08:00 try it later
time: 2016-04-21 23:39:47.184186+08:00 try it later
time: 2016-04-21 23:40:47.247223+08:00 try it later
time: 2016-04-21 23:41:47.307957+08:00 try it later
time: 2016-04-21 23:42:47.368934+08:00 try it later
time: 2016-04-21 23:43:47.430028+08:00 try it later
time: 2016-04-21 23:44:47.490775+08:00 try it later
time: 2016-04-21 23:45:47.517080+08:00 try it later
time: 2016-04-21 23:46:47.578369+08:00 try it later
time: 2016-04-21 23:47:47.639204+08:00 try it later
time: 2016-04-21 23:48:47.699669+08:00 try it later
time: 2016-04-21 23:49:47.734921+08:00 try it later
time: 2016-04-21 23:50:47.795707+08:00 try it later
time: 2016-04-21 23:51:47.857463+08:00 try it later
time: 2016-04-21 23:52:47.918719+08:00 try it later
time: 2016-04-21 23:53:47.980258+08:00 try it later
time: 2016-04-21 23:54:48.042413+08:00 try it later
time: 2016-04-21 23:55:48.104037+08:00 try it later
time: 2016-04-21 23:56:48.165040+08:00 try it later
time: 2016-04-21 23:57:48.225582+08:00 try it later
time: 2016-04-21 23:58:48.269564+08:00 try it later
time: 2016-04-21 23:59:48.330873+08:00 try it later
time: 2016-04-22 00:00:48.391706+08:00 try it later
time: 2016-04-22 00:01:48.451971+08:00 try it later
time: 2016-04-22 00:02:48.512304+08:00 try it later
time: 2016-04-22 00:03:48.573750+08:00 try it later
time: 2016-04-22 00:04:48.635285+08:00 try it later
time: 2016-04-22 00:05:48.695914+08:00 try it later
time: 2016-04-22 00:06:48.759011+08:00 try it later
time: 2016-04-22 00:07:48.819631+08:00 try it later
time: 2016-04-22 00:08:48.880345+08:00 try it later
time: 2016-04-22 00:09:48.941403+08:00 try it later
time: 2016-04-22 00:10:49.001690+08:00 try it later
time: 2016-04-22 00:11:49.062371+08:00 try it later
time: 2016-04-22 00:12:49.123198+08:00 try it later
time: 2016-04-22 00:13:49.183674+08:00 try it later
time: 2016-04-22 00:14:49.244132+08:00 try it later
time: 2016-04-22 00:15:49.305306+08:00 try it later
time: 2016-04-22 00:16:49.366445+08:00 try it later
time: 2016-04-22 00:17:49.427052+08:00 try it later
time: 2016-04-22 00:18:49.487777+08:00 try it later
time: 2016-04-22 00:19:49.545166+08:00 try it later
time: 2016-04-22 00:20:49.604891+08:00 try it later
time: 2016-04-22 00:21:49.665573+08:00 try it later
time: 2016-04-22 00:22:49.726637+08:00 try it later
time: 2016-04-22 00:23:49.787424+08:00 try it later
time: 2016-04-22 00:24:49.844787+08:00 try it later
time: 2016-04-22 00:25:49.906333+08:00 try it later
time: 2016-04-22 00:26:49.967954+08:00 try it later
time: 2016-04-22 00:27:50.030675+08:00 try it later
time: 2016-04-22 00:28:50.091295+08:00 try it later
time: 2016-04-22 00:29:50.152043+08:00 try it later
time: 2016-04-22 00:30:50.213199+08:00 try it later
time: 2016-04-22 00:31:50.274279+08:00 try it later
time: 2016-04-22 00:32:50.335227+08:00 try it later
time: 2016-04-22 00:33:50.369176+08:00 try it later
time: 2016-04-22 00:34:50.430622+08:00 try it later
time: 2016-04-22 00:35:50.491160+08:00 try it later
time: 2016-04-22 00:36:50.551423+08:00 try it later
time: 2016-04-22 00:37:50.611768+08:00 try it later
time: 2016-04-22 00:38:50.668930+08:00 try it later
time: 2016-04-22 00:39:50.730039+08:00 try it later
time: 2016-04-22 00:40:50.791001+08:00 try it later
time: 2016-04-22 00:41:50.851938+08:00 try it later
time: 2016-04-22 00:42:50.913032+08:00 try it later
time: 2016-04-22 00:43:50.919683+08:00 try it later
time: 2016-04-22 00:44:50.980687+08:00 try it later
time: 2016-04-22 00:45:51.041499+08:00 try it later
time: 2016-04-22 00:46:51.102078+08:00 try it later
time: 2016-04-22 00:47:51.162758+08:00 try it later
time: 2016-04-22 00:48:51.223240+08:00 try it later
time: 2016-04-22 00:49:51.284538+08:00 try it later
time: 2016-04-22 00:50:51.345438+08:00 try it later
time: 2016-04-22 00:51:51.406165+08:00 try it later
time: 2016-04-22 00:52:51.466808+08:00 try it later
time: 2016-04-22 00:53:51.527757+08:00 try it later
time: 2016-04-22 00:54:51.589713+08:00 try it later
time: 2016-04-22 00:55:51.650625+08:00 try it later
time: 2016-04-22 00:56:51.708440+08:00 try it later
time: 2016-04-22 00:57:51.771675+08:00 try it later
time: 2016-04-22 00:58:51.833519+08:00 try it later
time: 2016-04-22 00:59:51.894206+08:00 try it later
time: 2016-04-22 01:00:51.954917+08:00 try it later
time: 2016-04-22 01:01:52.015597+08:00 try it later
time: 2016-04-22 01:02:52.077148+08:00 try it later
time: 2016-04-22 01:03:52.138215+08:00 try it later
time: 2016-04-22 01:04:52.198681+08:00 try it later
time: 2016-04-22 01:05:52.259424+08:00 try it later
time: 2016-04-22 01:06:52.320053+08:00 try it later
time: 2016-04-22 01:07:52.382348+08:00 try it later
time: 2016-04-22 01:08:52.442923+08:00 try it later
time: 2016-04-22 01:09:52.503420+08:00 try it later
time: 2016-04-22 01:10:52.564025+08:00 try it later
time: 2016-04-22 01:11:52.625511+08:00 try it later
time: 2016-04-22 01:12:52.685960+08:00 try it later
time: 2016-04-22 01:13:52.746223+08:00 try it later
time: 2016-04-22 01:14:52.806679+08:00 try it later
time: 2016-04-22 01:15:52.867464+08:00 try it later
time: 2016-04-22 01:16:52.928269+08:00 try it later
time: 2016-04-22 01:17:52.989413+08:00 try it later
time: 2016-04-22 01:18:53.050568+08:00 try it later
time: 2016-04-22 01:19:53.111076+08:00 try it later
time: 2016-04-22 01:20:53.171531+08:00 try it later
time: 2016-04-22 01:21:53.232262+08:00 try it later
time: 2016-04-22 01:22:53.294709+08:00 try it later
time: 2016-04-22 01:23:53.355226+08:00 try it later
time: 2016-04-22 01:24:53.415831+08:00 try it later
time: 2016-04-22 01:25:53.477552+08:00 try it later
time: 2016-04-22 01:26:53.538407+08:00 try it later
time: 2016-04-22 01:27:53.599243+08:00 try it later
time: 2016-04-22 01:28:53.660125+08:00 try it later
time: 2016-04-22 01:29:53.717010+08:00 try it later
time: 2016-04-22 01:30:53.778578+08:00 try it later
time: 2016-04-22 01:31:53.838251+08:00 try it later
time: 2016-04-22 01:32:53.897179+08:00 try it later
time: 2016-04-22 01:33:53.958129+08:00 try it later
time: 2016-04-22 01:34:54.018791+08:00 try it later
time: 2016-04-22 01:35:54.079599+08:00 try it later
time: 2016-04-22 01:36:54.141177+08:00 try it later
time: 2016-04-22 01:37:54.201979+08:00 try it later
time: 2016-04-22 01:38:54.263066+08:00 try it later
time: 2016-04-22 01:39:54.326766+08:00 try it later
time: 2016-04-22 01:40:54.388059+08:00 try it later
time: 2016-04-22 01:41:54.449237+08:00 try it later
time: 2016-04-22 01:42:54.509578+08:00 try it later
time: 2016-04-22 01:43:54.570392+08:00 try it later
time: 2016-04-22 01:44:54.632118+08:00 try it later
time: 2016-04-22 01:45:54.689374+08:00 try it later
time: 2016-04-22 01:46:54.750168+08:00 try it later
time: 2016-04-22 01:47:54.810918+08:00 try it later
time: 2016-04-22 01:48:54.872198+08:00 try it later
time: 2016-04-22 01:49:54.932482+08:00 try it later
time: 2016-04-22 01:50:54.992702+08:00 try it later
time: 2016-04-22 01:51:55.053569+08:00 try it later
time: 2016-04-22 01:52:55.114048+08:00 try it later
time: 2016-04-22 01:53:55.174685+08:00 try it later
time: 2016-04-22 01:54:55.235175+08:00 try it later
time: 2016-04-22 01:55:55.295563+08:00 try it later
time: 2016-04-22 01:56:55.356232+08:00 try it later
time: 2016-04-22 01:57:55.387530+08:00 try it later
time: 2016-04-22 01:58:55.448535+08:00 try it later
time: 2016-04-22 01:59:55.509180+08:00 try it later
time: 2016-04-22 02:00:55.516496+08:00 try it later
time: 2016-04-22 02:01:55.577014+08:00 try it later
time: 2016-04-22 02:02:55.637858+08:00 try it later
time: 2016-04-22 02:03:55.698930+08:00 try it later
time: 2016-04-22 02:04:55.760167+08:00 try it later
time: 2016-04-22 02:05:55.821391+08:00 try it later
time: 2016-04-22 02:06:55.882837+08:00 try it later
time: 2016-04-22 02:07:55.943863+08:00 try it later
time: 2016-04-22 02:08:56.000472+08:00 try it later
time: 2016-04-22 02:09:56.060970+08:00 try it later
time: 2016-04-22 02:10:56.121715+08:00 try it later
time: 2016-04-22 02:11:56.182641+08:00 try it later
time: 2016-04-22 02:12:56.243328+08:00 try it later
time: 2016-04-22 02:13:56.297225+08:00 try it later
time: 2016-04-22 02:14:56.357620+08:00 try it later
time: 2016-04-22 02:15:56.418523+08:00 try it later
time: 2016-04-22 02:16:56.480476+08:00 try it later
time: 2016-04-22 02:17:56.541292+08:00 try it later
time: 2016-04-22 02:18:56.602809+08:00 try it later
time: 2016-04-22 02:19:56.663681+08:00 try it later
time: 2016-04-22 02:20:56.724120+08:00 try it later
time: 2016-04-22 02:21:56.785994+08:00 try it later
time: 2016-04-22 02:22:56.847000+08:00 try it later
time: 2016-04-22 02:23:56.907595+08:00 try it later
time: 2016-04-22 02:24:56.968591+08:00 try it later
time: 2016-04-22 02:25:57.029222+08:00 try it later
time: 2016-04-22 02:26:57.090053+08:00 try it later
time: 2016-04-22 02:27:57.150952+08:00 try it later
time: 2016-04-22 02:28:57.208785+08:00 try it later
time: 2016-04-22 02:29:57.269486+08:00 try it later
time: 2016-04-22 02:30:57.330095+08:00 try it later
time: 2016-04-22 02:31:57.390442+08:00 try it later
time: 2016-04-22 02:32:57.451076+08:00 try it later
time: 2016-04-22 02:33:57.512075+08:00 try it later
time: 2016-04-22 02:34:57.573444+08:00 try it later
time: 2016-04-22 02:35:57.634424+08:00 try it later
time: 2016-04-22 02:36:57.695233+08:00 try it later
time: 2016-04-22 02:37:57.755664+08:00 try it later
time: 2016-04-22 02:38:57.818819+08:00 try it later
time: 2016-04-22 02:39:57.879587+08:00 try it later
time: 2016-04-22 02:40:57.940315+08:00 try it later
time: 2016-04-22 02:41:58.000755+08:00 try it later
time: 2016-04-22 02:42:58.060443+08:00 try it later
time: 2016-04-22 02:43:58.071473+08:00 try it later
time: 2016-04-22 02:44:58.134120+08:00 try it later
time: 2016-04-22 02:45:58.194750+08:00 try it later
time: 2016-04-22 02:46:58.255584+08:00 try it later
time: 2016-04-22 02:47:58.317218+08:00 try it later
time: 2016-04-22 02:48:58.377670+08:00 try it later
time: 2016-04-22 02:49:58.441292+08:00 try it later
time: 2016-04-22 02:50:58.467274+08:00 try it later
time: 2016-04-22 02:51:58.528253+08:00 try it later
time: 2016-04-22 02:52:58.589297+08:00 try it later
time: 2016-04-22 02:53:58.640756+08:00 try it later
time: 2016-04-22 02:54:58.701521+08:00 try it later
time: 2016-04-22 02:55:58.762065+08:00 try it later
time: 2016-04-22 02:56:58.795896+08:00 try it later
time: 2016-04-22 02:57:58.857543+08:00 try it later
time: 2016-04-22 02:58:58.918388+08:00 try it later
time: 2016-04-22 02:59:58.978908+08:00 try it later
time: 2016-04-22 03:00:59.039907+08:00 try it later
time: 2016-04-22 03:01:59.101291+08:00 try it later
time: 2016-04-22 03:02:59.162039+08:00 try it later
time: 2016-04-22 03:03:59.223540+08:00 try it later
time: 2016-04-22 03:04:59.284043+08:00 try it later
time: 2016-04-22 03:05:59.344557+08:00 try it later
time: 2016-04-22 03:06:59.405339+08:00 try it later
time: 2016-04-22 03:07:59.466359+08:00 try it later
time: 2016-04-22 03:08:59.516776+08:00 try it later
time: 2016-04-22 03:09:59.577460+08:00 try it later
time: 2016-04-22 03:10:59.638185+08:00 try it later
time: 2016-04-22 03:11:59.698989+08:00 try it later
time: 2016-04-22 03:12:59.760000+08:00 try it later
time: 2016-04-22 03:13:59.821919+08:00 try it later
time: 2016-04-22 03:14:59.882544+08:00 try it later
time: 2016-04-22 03:15:59.943174+08:00 try it later
time: 2016-04-22 03:16:59.967667+08:00 try it later
time: 2016-04-22 03:18:00.029266+08:00 try it later
time: 2016-04-22 03:19:00.088459+08:00 try it later
time: 2016-04-22 03:20:00.148849+08:00 try it later
time: 2016-04-22 03:21:00.209457+08:00 try it later
time: 2016-04-22 03:22:00.268686+08:00 try it later
time: 2016-04-22 03:23:00.329314+08:00 try it later
time: 2016-04-22 03:24:00.389857+08:00 try it later
time: 2016-04-22 03:25:00.449266+08:00 try it later
time: 2016-04-22 03:26:00.510241+08:00 try it later
time: 2016-04-22 03:27:00.571110+08:00 try it later
time: 2016-04-22 03:28:00.631766+08:00 try it later
time: 2016-04-22 03:29:00.692264+08:00 try it later
time: 2016-04-22 03:30:00.752799+08:00 try it later
time: 2016-04-22 03:31:00.813327+08:00 try it later
time: 2016-04-22 03:32:00.836925+08:00 try it later
time: 2016-04-22 03:33:00.897600+08:00 try it later
time: 2016-04-22 03:34:00.958493+08:00 try it later
time: 2016-04-22 03:35:01.019241+08:00 try it later
time: 2016-04-22 03:36:01.079833+08:00 try it later
time: 2016-04-22 03:37:01.141855+08:00 try it later
time: 2016-04-22 03:38:01.148174+08:00 try it later
time: 2016-04-22 03:39:01.209289+08:00 try it later
time: 2016-04-22 03:40:01.270043+08:00 try it later
time: 2016-04-22 03:41:01.330934+08:00 try it later
time: 2016-04-22 03:42:01.392111+08:00 try it later
time: 2016-04-22 03:43:01.453253+08:00 try it later
time: 2016-04-22 03:44:01.461443+08:00 try it later
time: 2016-04-22 03:45:01.522247+08:00 try it later
time: 2016-04-22 03:46:01.582779+08:00 try it later
time: 2016-04-22 03:47:01.627111+08:00 try it later
time: 2016-04-22 03:48:01.685873+08:00 try it later
time: 2016-04-22 03:49:01.746842+08:00 try it later
time: 2016-04-22 03:50:01.807487+08:00 try it later
time: 2016-04-22 03:51:01.868893+08:00 try it later
time: 2016-04-22 03:52:01.929536+08:00 try it later
time: 2016-04-22 03:53:01.989993+08:00 try it later
time: 2016-04-22 03:54:02.050800+08:00 try it later
time: 2016-04-22 03:55:02.111292+08:00 try it later
time: 2016-04-22 03:56:02.171595+08:00 try it later
time: 2016-04-22 03:57:02.232170+08:00 try it later
time: 2016-04-22 03:58:02.294637+08:00 try it later
time: 2016-04-22 03:59:02.355592+08:00 try it later
regist now: 2016-04-22 04:00:02.417248+08:00
multi thread to regist
2016-04-21 16:00:03.545679 theindianhighschool.in alread check 2 times
theindianhighschool.in regthroughothers
2016-04-21 16:00:05.680154 gcealour.org.in alread check 3 times
gcealour.org.in regthroughothers
2016-04-21 16:00:09.512922 mccf.in alread check 4 times
mccf.in regthroughothers
2016-04-21 16:00:13.643207 schoolexpert.in alread check 5 times
schoolexpert.in regthroughothers
2016-04-21 16:00:16.834736 mapletreeschool.in alread check 6 times
mapletreeschool.in regthroughothers
2016-04-21 16:00:20.308188 theindianhighschool.in alread check 7 times
theindianhighschool.in regthroughothers
2016-04-21 16:00:29.815914 gcealour.org.in alread check 8 times
gcealour.org.in regthroughothers
2016-04-21 16:00:32.673733 mccf.in alread check 9 times
mccf.in regthroughothers
2016-04-21 16:00:35.783943 schoolexpert.in alread check 10 times
schoolexpert.in regthroughothers
2016-04-21 16:00:38.993259 mapletreeschool.in alread check 11 times
mapletreeschool.in regthroughothers
2016-04-21 16:00:41.778743 theindianhighschool.in alread check 12 times
theindianhighschool.in regthroughothers
2016-04-21 16:00:44.464958 gcealour.org.in alread check 13 times
gcealour.org.in regthroughothers
2016-04-21 16:00:47.167365 mccf.in alread check 14 times
mccf.in regthroughothers
2016-04-21 16:00:50.271951 schoolexpert.in alread check 15 times
schoolexpert.in regthroughothers
2016-04-21 16:00:52.974726 mapletreeschool.in alread check 16 times
mapletreeschool.in regthroughothers
2016-04-21 16:00:55.425452 theindianhighschool.in alread check 17 times
theindianhighschool.in regthroughothers
2016-04-21 16:00:58.047636 gcealour.org.in alread check 18 times
gcealour.org.in regthroughothers
2016-04-21 16:01:00.759202 mccf.in alread check 19 times
mccf.in regthroughothers
2016-04-21 16:01:03.275918 schoolexpert.in alread check 20 times
schoolexpert.in regthroughothers
2016-04-21 16:01:05.560861 mapletreeschool.in alread check 21 times
mapletreeschool.in regthroughothers
2016-04-21 16:01:08.387828 theindianhighschool.in alread check 22 times
theindianhighschool.in regthroughothers
2016-04-21 16:01:11.022660 gcealour.org.in alread check 23 times
gcealour.org.in regthroughothers
2016-04-21 16:01:13.839521 mccf.in alread check 24 times
mccf.in regthroughothers
2016-04-21 16:01:16.655358 schoolexpert.in alread check 25 times
schoolexpert.in regthroughothers
2016-04-21 16:01:19.963951 mapletreeschool.in alread check 26 times
mapletreeschool.in regthroughothers
2016-04-21 16:01:22.883938 theindianhighschool.in alread check 27 times
theindianhighschool.in regthroughothers
2016-04-21 16:01:25.172799 gcealour.org.in alread check 28 times
gcealour.org.in regthroughothers
2016-04-21 16:01:27.879167 mccf.in alread check 29 times
mccf.in regthroughothers
2016-04-21 16:01:30.359331 schoolexpert.in alread check 30 times
schoolexpert.in regthroughothers
2016-04-21 16:01:33.077314 mapletreeschool.in alread check 31 times
mapletreeschool.in regthroughothers
2016-04-21 16:01:35.339009 theindianhighschool.in alread check 32 times
theindianhighschool.in regthroughothers
2016-04-21 16:01:37.690512 gcealour.org.in alread check 33 times
gcealour.org.in regthroughothers
2016-04-21 16:01:39.981800 mccf.in alread check 34 times
mccf.in regthroughothers
2016-04-21 16:01:42.269034 schoolexpert.in alread check 35 times
schoolexpert.in regthroughothers
2016-04-21 16:01:44.413740 mapletreeschool.in alread check 36 times
mapletreeschool.in regthroughothers
2016-04-21 16:01:46.829055 theindianhighschool.in alread check 37 times
theindianhighschool.in regthroughothers
2016-04-21 16:01:48.933273 gcealour.org.in alread check 38 times
gcealour.org.in regthroughothers
2016-04-21 16:01:51.039841 mccf.in alread check 39 times
mccf.in regthroughothers
2016-04-21 16:01:53.481295 schoolexpert.in alread check 40 times
schoolexpert.in regthroughothers
2016-04-21 16:01:55.580508 mapletreeschool.in alread check 41 times
mapletreeschool.in regthroughothers
2016-04-21 16:01:57.851953 theindianhighschool.in alread check 42 times
theindianhighschool.in regthroughothers
2016-04-21 16:02:00.058962 gcealour.org.in alread check 43 times
gcealour.org.in regthroughothers
2016-04-21 16:02:02.524129 mccf.in alread check 44 times
mccf.in regthroughothers
2016-04-21 16:02:04.625295 schoolexpert.in alread check 45 times
schoolexpert.in regthroughothers
2016-04-21 16:02:06.753250 mapletreeschool.in alread check 46 times
mapletreeschool.in regthroughothers
2016-04-21 16:02:08.893672 theindianhighschool.in alread check 47 times
theindianhighschool.in regthroughothers
2016-04-21 16:02:11.189019 gcealour.org.in alread check 48 times
gcealour.org.in regthroughothers
2016-04-21 16:02:13.365085 mccf.in alread check 49 times
mccf.in regthroughothers
2016-04-21 16:02:16.256969 schoolexpert.in alread check 50 times
schoolexpert.in regthroughothers
2016-04-21 16:02:18.577471 mapletreeschool.in alread check 51 times
mapletreeschool.in regthroughothers
2016-04-21 16:02:20.929773 theindianhighschool.in alread check 52 times
theindianhighschool.in regthroughothers
2016-04-21 16:02:23.110854 gcealour.org.in alread check 53 times
gcealour.org.in regthroughothers
2016-04-21 16:02:25.254480 mccf.in alread check 54 times
mccf.in regthroughothers
2016-04-21 16:02:27.511635 schoolexpert.in alread check 55 times
schoolexpert.in regthroughothers
2016-04-21 16:02:29.642209 mapletreeschool.in alread check 56 times
mapletreeschool.in regthroughothers
2016-04-21 16:02:31.936945 theindianhighschool.in alread check 57 times
theindianhighschool.in regthroughothers
2016-04-21 16:02:34.043949 gcealour.org.in alread check 58 times
gcealour.org.in regthroughothers
2016-04-21 16:02:36.132336 mccf.in alread check 59 times
mccf.in regthroughothers
2016-04-21 16:02:38.270641 schoolexpert.in alread check 60 times
schoolexpert.in regthroughothers
2016-04-21 16:02:40.552951 mapletreeschool.in alread check 61 times
mapletreeschool.in regthroughothers
2016-04-21 16:02:42.682906 theindianhighschool.in alread check 62 times
theindianhighschool.in regthroughothers
2016-04-21 16:02:44.855778 gcealour.org.in alread check 63 times
gcealour.org.in regthroughothers
2016-04-21 16:02:46.997292 mccf.in alread check 64 times
mccf.in regthroughothers
2016-04-21 16:02:49.122811 schoolexpert.in alread check 65 times
schoolexpert.in regthroughothers
2016-04-21 16:02:51.259475 mapletreeschool.in alread check 66 times
mapletreeschool.in regthroughothers
2016-04-21 16:02:53.361193 theindianhighschool.in alread check 67 times
theindianhighschool.in regthroughothers
2016-04-21 16:02:55.462979 gcealour.org.in alread check 68 times
gcealour.org.in regthroughothers
2016-04-21 16:02:57.559024 mccf.in alread check 69 times
mccf.in regthroughothers
2016-04-21 16:02:59.668054 schoolexpert.in alread check 70 times
schoolexpert.in regthroughothers
2016-04-21 16:03:01.859694 mapletreeschool.in alread check 71 times
mapletreeschool.in regthroughothers
2016-04-21 16:03:04.155392 theindianhighschool.in alread check 72 times
theindianhighschool.in regthroughothers
2016-04-21 16:03:06.251287 gcealour.org.in alread check 73 times
gcealour.org.in regthroughothers
2016-04-21 16:03:08.383249 mccf.in alread check 74 times
mccf.in regthroughothers
2016-04-21 16:03:10.522911 schoolexpert.in alread check 75 times
schoolexpert.in regthroughothers
2016-04-21 16:03:12.679638 mapletreeschool.in alread check 76 times
mapletreeschool.in regthroughothers
2016-04-21 16:03:14.794372 theindianhighschool.in alread check 77 times
theindianhighschool.in regthroughothers
2016-04-21 16:03:16.911297 gcealour.org.in alread check 78 times
gcealour.org.in regthroughothers
2016-04-21 16:03:19.037866 mccf.in alread check 79 times
mccf.in regthroughothers
2016-04-21 16:03:21.153218 schoolexpert.in alread check 80 times
schoolexpert.in regthroughothers
2016-04-21 16:03:23.255538 mapletreeschool.in alread check 81 times
mapletreeschool.in regthroughothers
2016-04-21 16:03:25.387571 theindianhighschool.in alread check 82 times
theindianhighschool.in regthroughothers
2016-04-21 16:03:27.876016 gcealour.org.in alread check 83 times
gcealour.org.in regthroughothers
2016-04-21 16:03:29.975601 mccf.in alread check 84 times
mccf.in regthroughothers
2016-04-21 16:03:32.065033 schoolexpert.in alread check 85 times
schoolexpert.in regthroughothers
2016-04-21 16:03:34.167668 mapletreeschool.in alread check 86 times
mapletreeschool.in regthroughothers
2016-04-21 16:03:36.271670 theindianhighschool.in alread check 87 times
theindianhighschool.in regthroughothers
2016-04-21 16:03:38.431147 gcealour.org.in alread check 88 times
gcealour.org.in regthroughothers
2016-04-21 16:03:40.547292 mccf.in alread check 89 times
mccf.in regthroughothers
2016-04-21 16:03:42.669420 schoolexpert.in alread check 90 times
schoolexpert.in regthroughothers
2016-04-21 16:03:44.768571 mapletreeschool.in alread check 91 times
mapletreeschool.in regthroughothers
2016-04-21 16:03:46.878338 theindianhighschool.in alread check 92 times
theindianhighschool.in regthroughothers
2016-04-21 16:03:49.038888 gcealour.org.in alread check 93 times
gcealour.org.in regthroughothers
2016-04-21 16:03:51.151900 mccf.in alread check 94 times
mccf.in regthroughothers
2016-04-21 16:03:53.260457 schoolexpert.in alread check 95 times
schoolexpert.in regthroughothers
2016-04-21 16:03:55.359045 mapletreeschool.in alread check 96 times
mapletreeschool.in regthroughothers
2016-04-21 16:03:57.458897 theindianhighschool.in alread check 97 times
theindianhighschool.in regthroughothers
2016-04-21 16:03:59.574999 gcealour.org.in alread check 98 times
gcealour.org.in regthroughothers
2016-04-21 16:04:01.735863 mccf.in alread check 99 times
mccf.in regthroughothers
2016-04-21 16:04:03.846404 schoolexpert.in alread check 100 times
schoolexpert.in regthroughothers
2016-04-21 16:04:06.033494 mapletreeschool.in alread check 101 times
mapletreeschool.in regthroughothers
2016-04-21 16:04:08.373056 theindianhighschool.in alread check 102 times
theindianhighschool.in regthroughothers
2016-04-21 16:04:10.608146 gcealour.org.in alread check 103 times
gcealour.org.in regthroughothers
2016-04-21 16:04:12.753369 mccf.in alread check 104 times
mccf.in regthroughothers
2016-04-21 16:04:14.899589 schoolexpert.in alread check 105 times
schoolexpert.in regthroughothers
2016-04-21 16:04:17.049538 mapletreeschool.in alread check 106 times
mapletreeschool.in regthroughothers
2016-04-21 16:04:19.365304 theindianhighschool.in alread check 107 times
theindianhighschool.in regthroughothers
2016-04-21 16:04:21.511350 gcealour.org.in alread check 108 times
gcealour.org.in regthroughothers
2016-04-21 16:04:23.597956 mccf.in alread check 109 times
mccf.in regthroughothers
2016-04-21 16:04:25.736477 schoolexpert.in alread check 110 times
schoolexpert.in regthroughothers
2016-04-21 16:04:27.919286 mapletreeschool.in alread check 111 times
mapletreeschool.in regthroughothers
2016-04-21 16:04:30.053404 theindianhighschool.in alread check 112 times
theindianhighschool.in regthroughothers
2016-04-21 16:04:32.215161 gcealour.org.in alread check 113 times
gcealour.org.in regthroughothers
2016-04-21 16:04:34.304470 mccf.in alread check 114 times
mccf.in regthroughothers
2016-04-21 16:04:36.465579 schoolexpert.in alread check 115 times
schoolexpert.in regthroughothers
2016-04-21 16:04:38.586871 mapletreeschool.in alread check 116 times
mapletreeschool.in regthroughothers
2016-04-21 16:04:40.693688 theindianhighschool.in alread check 117 times
theindianhighschool.in regthroughothers
2016-04-21 16:04:42.791995 gcealour.org.in alread check 118 times
gcealour.org.in regthroughothers
2016-04-21 16:04:44.947855 mccf.in alread check 119 times
mccf.in regthroughothers
2016-04-21 16:04:47.087942 schoolexpert.in alread check 120 times
schoolexpert.in regthroughothers
2016-04-21 16:04:49.208766 mapletreeschool.in alread check 121 times
mapletreeschool.in regthroughothers
2016-04-21 16:04:51.303259 theindianhighschool.in alread check 122 times
theindianhighschool.in regthroughothers
2016-04-21 16:04:53.411794 gcealour.org.in alread check 123 times
gcealour.org.in regthroughothers
2016-04-21 16:04:55.499884 mccf.in alread check 124 times
mccf.in regthroughothers
2016-04-21 16:04:57.645360 schoolexpert.in alread check 125 times
schoolexpert.in regthroughothers
2016-04-21 16:04:59.758115 mapletreeschool.in alread check 126 times
mapletreeschool.in regthroughothers
2016-04-21 16:05:01.866683 theindianhighschool.in alread check 127 times
theindianhighschool.in regthroughothers
2016-04-21 16:05:03.983674 gcealour.org.in alread check 128 times
gcealour.org.in regthroughothers
2016-04-21 16:05:06.078190 mccf.in alread check 129 times
mccf.in regthroughothers
2016-04-21 16:05:08.214159 schoolexpert.in alread check 130 times
schoolexpert.in regthroughothers
2016-04-21 16:05:10.316852 mapletreeschool.in alread check 131 times
mapletreeschool.in regthroughothers
2016-04-21 16:05:12.428921 theindianhighschool.in alread check 132 times
theindianhighschool.in regthroughothers
2016-04-21 16:05:14.539069 gcealour.org.in alread check 133 times
gcealour.org.in regthroughothers
2016-04-21 16:05:16.791561 mccf.in alread check 134 times
mccf.in regthroughothers
2016-04-21 16:05:18.912121 schoolexpert.in alread check 135 times
schoolexpert.in regthroughothers
2016-04-21 16:05:21.494819 mapletreeschool.in alread check 136 times
mapletreeschool.in regthroughothers
2016-04-21 16:05:23.590113 theindianhighschool.in alread check 137 times
theindianhighschool.in regthroughothers
2016-04-21 16:05:25.738732 gcealour.org.in alread check 138 times
gcealour.org.in regthroughothers
2016-04-21 16:05:27.858634 mccf.in alread check 139 times
mccf.in regthroughothers
2016-04-21 16:05:29.952194 schoolexpert.in alread check 140 times
schoolexpert.in regthroughothers
2016-04-21 16:05:32.047824 mapletreeschool.in alread check 141 times
mapletreeschool.in regthroughothers
2016-04-21 16:05:34.145240 theindianhighschool.in alread check 142 times
theindianhighschool.in regthroughothers
2016-04-21 16:05:36.310621 gcealour.org.in alread check 143 times
gcealour.org.in regthroughothers
2016-04-21 16:05:38.414112 mccf.in alread check 144 times
mccf.in regthroughothers
2016-04-21 16:05:40.510174 schoolexpert.in alread check 145 times
schoolexpert.in regthroughothers
2016-04-21 16:05:42.623630 mapletreeschool.in alread check 146 times
mapletreeschool.in regthroughothers
2016-04-21 16:05:44.729974 theindianhighschool.in alread check 147 times
theindianhighschool.in regthroughothers
2016-04-21 16:05:46.838413 gcealour.org.in alread check 148 times
gcealour.org.in regthroughothers
2016-04-21 16:05:48.943275 mccf.in alread check 149 times
mccf.in regthroughothers
2016-04-21 16:05:51.039269 schoolexpert.in alread check 150 times
schoolexpert.in regthroughothers
2016-04-21 16:05:53.139126 mapletreeschool.in alread check 151 times
mapletreeschool.in regthroughothers
2016-04-21 16:05:55.246568 theindianhighschool.in alread check 152 times
theindianhighschool.in regthroughothers
2016-04-21 16:05:57.341105 gcealour.org.in alread check 153 times
gcealour.org.in regthroughothers
2016-04-21 16:05:59.497301 mccf.in alread check 154 times
mccf.in regthroughothers
2016-04-21 16:06:03.403494 schoolexpert.in alread check 155 times
schoolexpert.in regthroughothers
2016-04-21 16:06:05.526962 mapletreeschool.in alread check 156 times
mapletreeschool.in regthroughothers
2016-04-21 16:06:07.763487 theindianhighschool.in alread check 157 times
theindianhighschool.in regthroughothers
2016-04-21 16:06:09.883447 gcealour.org.in alread check 158 times
gcealour.org.in regthroughothers
2016-04-21 16:06:11.987236 mccf.in alread check 159 times
mccf.in regthroughothers
2016-04-21 16:06:14.121149 schoolexpert.in alread check 160 times
schoolexpert.in regthroughothers
2016-04-21 16:06:16.271866 mapletreeschool.in alread check 161 times
mapletreeschool.in regthroughothers
2016-04-21 16:06:18.471529 theindianhighschool.in alread check 162 times
theindianhighschool.in regthroughothers
2016-04-21 16:06:20.852187 gcealour.org.in alread check 163 times
gcealour.org.in regthroughothers
2016-04-21 16:06:22.964305 mccf.in alread check 164 times
mccf.in regthroughothers
2016-04-21 16:06:25.078002 schoolexpert.in alread check 165 times
schoolexpert.in regthroughothers
2016-04-21 16:06:27.199534 mapletreeschool.in alread check 166 times
mapletreeschool.in regthroughothers
2016-04-21 16:06:29.318301 theindianhighschool.in alread check 167 times
theindianhighschool.in regthroughothers
2016-04-21 16:06:31.430636 gcealour.org.in alread check 168 times
gcealour.org.in regthroughothers
2016-04-21 16:06:33.549008 mccf.in alread check 169 times
mccf.in regthroughothers
2016-04-21 16:06:35.747246 schoolexpert.in alread check 170 times
schoolexpert.in regthroughothers
2016-04-21 16:06:37.916052 mapletreeschool.in alread check 171 times
mapletreeschool.in regthroughothers
2016-04-21 16:06:40.013337 theindianhighschool.in alread check 172 times
theindianhighschool.in regthroughothers
2016-04-21 16:06:42.111202 gcealour.org.in alread check 173 times
gcealour.org.in regthroughothers
2016-04-21 16:06:44.226502 mccf.in alread check 174 times
mccf.in regthroughothers
2016-04-21 16:06:46.316065 schoolexpert.in alread check 175 times
schoolexpert.in regthroughothers
2016-04-21 16:06:48.415415 mapletreeschool.in alread check 176 times
mapletreeschool.in regthroughothers
2016-04-21 16:06:50.504851 theindianhighschool.in alread check 177 times
theindianhighschool.in regthroughothers
2016-04-21 16:06:52.593410 gcealour.org.in alread check 178 times
gcealour.org.in regthroughothers
2016-04-21 16:06:54.716485 mccf.in alread check 179 times
mccf.in regthroughothers
2016-04-21 16:06:56.803376 schoolexpert.in alread check 180 times
schoolexpert.in regthroughothers
2016-04-21 16:06:58.891475 mapletreeschool.in alread check 181 times
mapletreeschool.in regthroughothers
2016-04-21 16:07:00.992015 theindianhighschool.in alread check 182 times
theindianhighschool.in regthroughothers
2016-04-21 16:07:03.083182 gcealour.org.in alread check 183 times
gcealour.org.in regthroughothers
2016-04-21 16:07:05.201192 mccf.in alread check 184 times
mccf.in regthroughothers
2016-04-21 16:07:07.362523 schoolexpert.in alread check 185 times
schoolexpert.in regthroughothers
2016-04-21 16:07:09.548052 mapletreeschool.in alread check 186 times
mapletreeschool.in regthroughothers
2016-04-21 16:07:11.660199 theindianhighschool.in alread check 187 times
theindianhighschool.in regthroughothers
2016-04-21 16:07:13.763185 gcealour.org.in alread check 188 times
gcealour.org.in regthroughothers
2016-04-21 16:07:15.848898 mccf.in alread check 189 times
mccf.in regthroughothers
2016-04-21 16:07:18.014744 schoolexpert.in alread check 190 times
schoolexpert.in regthroughothers
2016-04-21 16:07:20.130757 mapletreeschool.in alread check 191 times
mapletreeschool.in regthroughothers
2016-04-21 16:07:22.245614 theindianhighschool.in alread check 192 times
theindianhighschool.in regthroughothers
2016-04-21 16:07:24.366791 gcealour.org.in alread check 193 times
gcealour.org.in regthroughothers
2016-04-21 16:07:26.634519 mccf.in alread check 194 times
mccf.in regthroughothers
2016-04-21 16:07:28.733174 schoolexpert.in alread check 195 times
schoolexpert.in regthroughothers
2016-04-21 16:07:30.847979 mapletreeschool.in alread check 196 times
mapletreeschool.in regthroughothers
2016-04-21 16:07:33.009762 theindianhighschool.in alread check 197 times
theindianhighschool.in regthroughothers
2016-04-21 16:07:35.159119 gcealour.org.in alread check 198 times
gcealour.org.in regthroughothers
2016-04-21 16:07:37.323193 mccf.in alread check 199 times
mccf.in regthroughothers
2016-04-21 16:07:39.414054 schoolexpert.in alread check 200 times
schoolexpert.in regthroughothers
2016-04-21 16:07:41.527927 mapletreeschool.in alread check 201 times
mapletreeschool.in regthroughothers
2016-04-21 16:07:43.618329 theindianhighschool.in alread check 202 times
theindianhighschool.in regthroughothers
2016-04-21 16:07:45.750410 gcealour.org.in alread check 203 times
gcealour.org.in regthroughothers
2016-04-21 16:07:47.853163 mccf.in alread check 204 times
mccf.in regthroughothers
2016-04-21 16:07:49.953764 schoolexpert.in alread check 205 times
schoolexpert.in regthroughothers
2016-04-21 16:07:52.087582 mapletreeschool.in alread check 206 times
mapletreeschool.in regthroughothers
2016-04-21 16:07:54.198859 theindianhighschool.in alread check 207 times
theindianhighschool.in regthroughothers
2016-04-21 16:07:56.481654 gcealour.org.in alread check 208 times
gcealour.org.in regthroughothers
2016-04-21 16:07:58.727419 mccf.in alread check 209 times
mccf.in regthroughothers
2016-04-21 16:08:00.850902 schoolexpert.in alread check 210 times
schoolexpert.in regthroughothers
2016-04-21 16:08:02.983656 mapletreeschool.in alread check 211 times
mapletreeschool.in regthroughothers
2016-04-21 16:08:05.095752 theindianhighschool.in alread check 212 times
theindianhighschool.in regthroughothers
2016-04-21 16:08:07.180347 gcealour.org.in alread check 213 times
gcealour.org.in regthroughothers
2016-04-21 16:08:09.298484 mccf.in alread check 214 times
mccf.in regthroughothers
2016-04-21 16:08:11.389176 schoolexpert.in alread check 215 times
schoolexpert.in regthroughothers
2016-04-21 16:08:13.483403 mapletreeschool.in alread check 216 times
mapletreeschool.in regthroughothers
2016-04-21 16:08:15.609113 theindianhighschool.in alread check 217 times
theindianhighschool.in regthroughothers
2016-04-21 16:08:17.936396 gcealour.org.in alread check 218 times
gcealour.org.in regthroughothers
2016-04-21 16:08:20.277789 mccf.in alread check 219 times
mccf.in regthroughothers
2016-04-21 16:08:22.391699 schoolexpert.in alread check 220 times
schoolexpert.in regthroughothers
2016-04-21 16:08:24.570505 mapletreeschool.in alread check 221 times
mapletreeschool.in regthroughothers
2016-04-21 16:08:26.688359 theindianhighschool.in alread check 222 times
theindianhighschool.in regthroughothers
2016-04-21 16:08:28.768133 gcealour.org.in alread check 223 times
gcealour.org.in regthroughothers
2016-04-21 16:08:30.861631 mccf.in alread check 224 times
mccf.in regthroughothers
2016-04-21 16:08:32.979891 schoolexpert.in alread check 225 times
schoolexpert.in regthroughothers
2016-04-21 16:08:35.102755 mapletreeschool.in alread check 226 times
mapletreeschool.in regthroughothers
2016-04-21 16:08:37.337738 theindianhighschool.in alread check 227 times
theindianhighschool.in regthroughothers
2016-04-21 16:08:39.431305 gcealour.org.in alread check 228 times
gcealour.org.in regthroughothers
2016-04-21 16:08:41.517465 mccf.in alread check 229 times
mccf.in regthroughothers
2016-04-21 16:08:43.606157 schoolexpert.in alread check 230 times
schoolexpert.in regthroughothers
2016-04-21 16:08:45.694556 mapletreeschool.in alread check 231 times
mapletreeschool.in regthroughothers
2016-04-21 16:08:47.803096 theindianhighschool.in alread check 232 times
theindianhighschool.in regthroughothers
2016-04-21 16:08:49.935673 gcealour.org.in alread check 233 times
gcealour.org.in regthroughothers
2016-04-21 16:08:52.016123 mccf.in alread check 234 times
mccf.in regthroughothers
2016-04-21 16:08:54.126231 schoolexpert.in alread check 235 times
schoolexpert.in regthroughothers
2016-04-21 16:08:56.231499 mapletreeschool.in alread check 236 times
mapletreeschool.in regthroughothers
2016-04-21 16:08:58.334632 theindianhighschool.in alread check 237 times
theindianhighschool.in regthroughothers
2016-04-21 16:09:00.431033 gcealour.org.in alread check 238 times
gcealour.org.in regthroughothers
2016-04-21 16:09:02.527767 mccf.in alread check 239 times
mccf.in regthroughothers
2016-04-21 16:09:04.693849 schoolexpert.in alread check 240 times
schoolexpert.in regthroughothers
2016-04-21 16:09:06.825658 mapletreeschool.in alread check 241 times
mapletreeschool.in regthroughothers
2016-04-21 16:09:08.937398 theindianhighschool.in alread check 242 times
theindianhighschool.in regthroughothers
2016-04-21 16:09:11.037803 gcealour.org.in alread check 243 times
gcealour.org.in regthroughothers
2016-04-21 16:09:13.197453 mccf.in alread check 244 times
mccf.in regthroughothers
2016-04-21 16:09:15.325726 schoolexpert.in alread check 245 times
schoolexpert.in regthroughothers
2016-04-21 16:09:17.450706 mapletreeschool.in alread check 246 times
mapletreeschool.in regthroughothers
2016-04-21 16:09:19.632111 theindianhighschool.in alread check 247 times
theindianhighschool.in regthroughothers
2016-04-21 16:09:21.742450 gcealour.org.in alread check 248 times
gcealour.org.in regthroughothers
2016-04-21 16:09:23.917305 mccf.in alread check 249 times
mccf.in regthroughothers
2016-04-21 16:09:26.042423 schoolexpert.in alread check 250 times
schoolexpert.in regthroughothers
2016-04-21 16:09:28.138413 mapletreeschool.in alread check 251 times
mapletreeschool.in regthroughothers
2016-04-21 16:09:30.271915 theindianhighschool.in alread check 252 times
theindianhighschool.in regthroughothers
2016-04-21 16:09:32.389535 gcealour.org.in alread check 253 times
gcealour.org.in regthroughothers
2016-04-21 16:09:34.503867 mccf.in alread check 254 times
mccf.in regthroughothers
2016-04-21 16:09:36.592875 schoolexpert.in alread check 255 times
schoolexpert.in regthroughothers
2016-04-21 16:09:38.694841 mapletreeschool.in alread check 256 times
mapletreeschool.in regthroughothers
2016-04-21 16:09:40.775062 theindianhighschool.in alread check 257 times
theindianhighschool.in regthroughothers
2016-04-21 16:09:42.894059 gcealour.org.in alread check 258 times
gcealour.org.in regthroughothers
2016-04-21 16:09:44.993652 mccf.in alread check 259 times
mccf.in regthroughothers
2016-04-21 16:09:47.098862 schoolexpert.in alread check 260 times
schoolexpert.in regthroughothers
2016-04-21 16:09:49.210797 mapletreeschool.in alread check 261 times
mapletreeschool.in regthroughothers
2016-04-21 16:09:51.353601 theindianhighschool.in alread check 262 times
theindianhighschool.in regthroughothers
2016-04-21 16:09:53.441460 gcealour.org.in alread check 263 times
gcealour.org.in regthroughothers
2016-04-21 16:09:55.528080 mccf.in alread check 264 times
mccf.in regthroughothers
2016-04-21 16:09:57.646015 schoolexpert.in alread check 265 times
schoolexpert.in regthroughothers
2016-04-21 16:09:59.742203 mapletreeschool.in alread check 266 times
mapletreeschool.in regthroughothers
2016-04-21 16:10:01.930731 theindianhighschool.in alread check 267 times
theindianhighschool.in regthroughothers
2016-04-21 16:10:04.096918 gcealour.org.in alread check 268 times
gcealour.org.in regthroughothers
2016-04-21 16:10:06.190921 mccf.in alread check 269 times
mccf.in regthroughothers
2016-04-21 16:10:08.289740 schoolexpert.in alread check 270 times
schoolexpert.in regthroughothers
2016-04-21 16:10:10.418774 mapletreeschool.in alread check 271 times
mapletreeschool.in regthroughothers
2016-04-21 16:10:42.633594 theindianhighschool.in alread check 272 times
theindianhighschool.in regthroughothers
2016-04-21 16:10:44.782086 gcealour.org.in alread check 273 times
gcealour.org.in regthroughothers
2016-04-21 16:10:46.916290 mccf.in alread check 274 times
mccf.in regthroughothers
2016-04-21 16:10:49.018660 schoolexpert.in alread check 275 times
schoolexpert.in regthroughothers
2016-04-21 16:10:51.140060 mapletreeschool.in alread check 276 times
mapletreeschool.in regthroughothers
2016-04-21 16:11:23.266883 theindianhighschool.in alread check 277 times
theindianhighschool.in regthroughothers
2016-04-21 16:11:25.375724 gcealour.org.in alread check 278 times
gcealour.org.in regthroughothers
2016-04-21 16:11:27.585806 mccf.in alread check 279 times
mccf.in regthroughothers
2016-04-21 16:11:29.690723 schoolexpert.in alread check 280 times
schoolexpert.in regthroughothers
2016-04-21 16:11:31.787204 mapletreeschool.in alread check 281 times
mapletreeschool.in regthroughothers
2016-04-21 16:12:03.904955 theindianhighschool.in alread check 282 times
theindianhighschool.in regthroughothers
2016-04-21 16:12:06.035959 gcealour.org.in alread check 283 times
gcealour.org.in regthroughothers
2016-04-21 16:12:08.164907 mccf.in alread check 284 times
mccf.in regthroughothers
2016-04-21 16:12:10.276053 schoolexpert.in alread check 285 times
schoolexpert.in regthroughothers
2016-04-21 16:12:12.387782 mapletreeschool.in alread check 286 times
mapletreeschool.in regthroughothers
2016-04-21 16:12:44.531128 theindianhighschool.in alread check 287 times
theindianhighschool.in regthroughothers
2016-04-21 16:12:46.618251 gcealour.org.in alread check 288 times
gcealour.org.in regthroughothers
2016-04-21 16:12:48.710007 mccf.in alread check 289 times
mccf.in regthroughothers
2016-04-21 16:12:50.823970 schoolexpert.in alread check 290 times
schoolexpert.in regthroughothers
2016-04-21 16:12:52.924229 mapletreeschool.in alread check 291 times
mapletreeschool.in regthroughothers
2016-04-21 16:13:25.075630 theindianhighschool.in alread check 292 times
theindianhighschool.in regthroughothers
2016-04-21 16:13:27.187820 gcealour.org.in alread check 293 times
gcealour.org.in regthroughothers
2016-04-21 16:13:29.292253 mccf.in alread check 294 times
mccf.in regthroughothers
2016-04-21 16:13:31.510501 schoolexpert.in alread check 295 times
schoolexpert.in regthroughothers
2016-04-21 16:13:33.731685 mapletreeschool.in alread check 296 times
mapletreeschool.in regthroughothers
2016-04-21 16:14:05.866956 theindianhighschool.in alread check 297 times
theindianhighschool.in regthroughothers
2016-04-21 16:14:07.972599 gcealour.org.in alread check 298 times
gcealour.org.in regthroughothers
2016-04-21 16:14:10.073311 mccf.in alread check 299 times
mccf.in regthroughothers
2016-04-21 16:14:12.209830 schoolexpert.in alread check 300 times
schoolexpert.in regthroughothers
2016-04-21 16:14:14.312492 mapletreeschool.in alread check 301 times
mapletreeschool.in regthroughothers
2016-04-21 16:14:46.455555 theindianhighschool.in alread check 302 times
theindianhighschool.in regthroughothers
2016-04-21 16:14:48.609532 gcealour.org.in alread check 303 times
gcealour.org.in regthroughothers
2016-04-21 16:14:50.705033 mccf.in alread check 304 times
mccf.in regthroughothers
2016-04-21 16:14:52.841698 schoolexpert.in alread check 305 times
schoolexpert.in regthroughothers
2016-04-21 16:14:54.947072 mapletreeschool.in alread check 306 times
mapletreeschool.in regthroughothers
2016-04-21 16:15:27.129263 theindianhighschool.in alread check 307 times
theindianhighschool.in regthroughothers
2016-04-21 16:15:29.256152 gcealour.org.in alread check 308 times
gcealour.org.in regthroughothers
2016-04-21 16:15:31.378156 mccf.in alread check 309 times
mccf.in regthroughothers
2016-04-21 16:15:33.500225 schoolexpert.in alread check 310 times
schoolexpert.in regthroughothers
2016-04-21 16:15:35.601785 mapletreeschool.in alread check 311 times
mapletreeschool.in regthroughothers
2016-04-21 16:16:07.778755 theindianhighschool.in alread check 312 times
theindianhighschool.in regthroughothers
2016-04-21 16:16:09.905259 gcealour.org.in alread check 313 times
gcealour.org.in regthroughothers
2016-04-21 16:16:12.013859 mccf.in alread check 314 times
mccf.in regthroughothers
2016-04-21 16:16:14.156670 schoolexpert.in alread check 315 times
schoolexpert.in regthroughothers
2016-04-21 16:16:16.275923 mapletreeschool.in alread check 316 times
mapletreeschool.in regthroughothers
2016-04-21 16:16:48.431195 theindianhighschool.in alread check 317 times
theindianhighschool.in regthroughothers
2016-04-21 16:16:50.574258 gcealour.org.in alread check 318 times
gcealour.org.in regthroughothers
2016-04-21 16:16:52.675353 mccf.in alread check 319 times
mccf.in regthroughothers
2016-04-21 16:16:54.788333 schoolexpert.in alread check 320 times
schoolexpert.in regthroughothers
2016-04-21 16:16:56.883249 mapletreeschool.in alread check 321 times
mapletreeschool.in regthroughothers
2016-04-21 16:17:29.015731 theindianhighschool.in alread check 322 times
theindianhighschool.in regthroughothers
2016-04-21 16:17:31.195733 gcealour.org.in alread check 323 times
gcealour.org.in regthroughothers
2016-04-21 16:17:33.333437 mccf.in alread check 324 times
mccf.in regthroughothers
2016-04-21 16:17:35.432161 schoolexpert.in alread check 325 times
schoolexpert.in regthroughothers
2016-04-21 16:17:37.535532 mapletreeschool.in alread check 326 times
mapletreeschool.in regthroughothers
2016-04-21 16:18:09.766351 theindianhighschool.in alread check 327 times
theindianhighschool.in regthroughothers
2016-04-21 16:18:11.945720 gcealour.org.in alread check 328 times
gcealour.org.in regthroughothers
2016-04-21 16:18:14.055726 mccf.in alread check 329 times
mccf.in regthroughothers
2016-04-21 16:18:16.353860 schoolexpert.in alread check 330 times
schoolexpert.in regthroughothers
2016-04-21 16:18:18.614131 mapletreeschool.in alread check 331 times
mapletreeschool.in regthroughothers
2016-04-21 16:18:50.739096 theindianhighschool.in alread check 332 times
theindianhighschool.in regthroughothers
2016-04-21 16:18:52.891536 gcealour.org.in alread check 333 times
gcealour.org.in regthroughothers
2016-04-21 16:18:54.992059 mccf.in alread check 334 times
mccf.in regthroughothers
2016-04-21 16:18:57.159057 schoolexpert.in alread check 335 times
schoolexpert.in regthroughothers
2016-04-21 16:18:59.313942 mapletreeschool.in alread check 336 times
mapletreeschool.in regthroughothers
2016-04-21 16:19:31.451427 theindianhighschool.in alread check 337 times
theindianhighschool.in regthroughothers
2016-04-21 16:19:33.549781 gcealour.org.in alread check 338 times
gcealour.org.in regthroughothers
2016-04-21 16:19:35.666795 mccf.in alread check 339 times
mccf.in regthroughothers
2016-04-21 16:19:37.769732 schoolexpert.in alread check 340 times
schoolexpert.in regthroughothers
2016-04-21 16:19:39.878270 mapletreeschool.in alread check 341 times
mapletreeschool.in regthroughothers
2016-04-21 16:20:12.118951 theindianhighschool.in alread check 342 times
theindianhighschool.in regthroughothers
2016-04-21 16:20:14.278311 gcealour.org.in alread check 343 times
gcealour.org.in regthroughothers
2016-04-21 16:20:16.385479 mccf.in alread check 344 times
mccf.in regthroughothers
2016-04-21 16:20:18.737745 schoolexpert.in alread check 345 times
schoolexpert.in regthroughothers
2016-04-21 16:20:20.875672 mapletreeschool.in alread check 346 times
mapletreeschool.in regthroughothers
2016-04-21 16:20:52.991753 theindianhighschool.in alread check 347 times
theindianhighschool.in regthroughothers
2016-04-21 16:20:55.100106 gcealour.org.in alread check 348 times
gcealour.org.in regthroughothers
2016-04-21 16:20:57.221058 mccf.in alread check 349 times
mccf.in regthroughothers
2016-04-21 16:20:59.345583 schoolexpert.in alread check 350 times
schoolexpert.in regthroughothers
2016-04-21 16:21:01.533117 mapletreeschool.in alread check 351 times
mapletreeschool.in regthroughothers
2016-04-21 16:21:33.661962 theindianhighschool.in alread check 352 times
theindianhighschool.in regthroughothers
2016-04-21 16:21:35.789478 gcealour.org.in alread check 353 times
gcealour.org.in regthroughothers
2016-04-21 16:21:37.911656 mccf.in alread check 354 times
mccf.in regthroughothers
2016-04-21 16:21:40.029596 schoolexpert.in alread check 355 times
schoolexpert.in regthroughothers
2016-04-21 16:21:42.114004 mapletreeschool.in alread check 356 times
mapletreeschool.in regthroughothers
2016-04-21 16:22:14.310056 theindianhighschool.in alread check 357 times
theindianhighschool.in regthroughothers
2016-04-21 16:22:16.631632 gcealour.org.in alread check 358 times
gcealour.org.in regthroughothers
2016-04-21 16:22:18.742166 mccf.in alread check 359 times
mccf.in regthroughothers
2016-04-21 16:22:21.006563 schoolexpert.in alread check 360 times
schoolexpert.in regthroughothers
2016-04-21 16:22:23.114994 mapletreeschool.in alread check 361 times
mapletreeschool.in regthroughothers
2016-04-21 16:22:55.262679 theindianhighschool.in alread check 362 times
theindianhighschool.in regthroughothers
2016-04-21 16:22:57.399074 gcealour.org.in alread check 363 times
gcealour.org.in regthroughothers
2016-04-21 16:22:59.503080 mccf.in alread check 364 times
mccf.in regthroughothers
2016-04-21 16:23:01.643947 schoolexpert.in alread check 365 times
schoolexpert.in regthroughothers
2016-04-21 16:23:03.978204 mapletreeschool.in alread check 366 times
mapletreeschool.in regthroughothers
2016-04-21 16:23:36.190279 theindianhighschool.in alread check 367 times
theindianhighschool.in regthroughothers
2016-04-21 16:23:38.313260 gcealour.org.in alread check 368 times
gcealour.org.in regthroughothers
2016-04-21 16:23:40.411217 mccf.in alread check 369 times
mccf.in regthroughothers
2016-04-21 16:23:42.521798 schoolexpert.in alread check 370 times
schoolexpert.in regthroughothers
2016-04-21 16:23:44.615802 mapletreeschool.in alread check 371 times
mapletreeschool.in regthroughothers
2016-04-21 16:24:16.745224 theindianhighschool.in alread check 372 times
theindianhighschool.in regthroughothers
2016-04-21 16:24:19.040307 gcealour.org.in alread check 373 times
gcealour.org.in regthroughothers
2016-04-21 16:24:21.170962 mccf.in alread check 374 times
mccf.in regthroughothers
2016-04-21 16:24:23.274526 schoolexpert.in alread check 375 times
schoolexpert.in regthroughothers
2016-04-21 16:24:25.384167 mapletreeschool.in alread check 376 times
mapletreeschool.in regthroughothers
2016-04-21 16:24:57.511104 theindianhighschool.in alread check 377 times
theindianhighschool.in regthroughothers
2016-04-21 16:24:59.602267 gcealour.org.in alread check 378 times
gcealour.org.in regthroughothers
2016-04-21 16:25:01.723813 mccf.in alread check 379 times
mccf.in regthroughothers
2016-04-21 16:25:03.880098 schoolexpert.in alread check 380 times
schoolexpert.in regthroughothers
2016-04-21 16:25:05.984456 mapletreeschool.in alread check 381 times
mapletreeschool.in regthroughothers
2016-04-21 16:25:38.127081 theindianhighschool.in alread check 382 times
theindianhighschool.in regthroughothers
2016-04-21 16:25:40.244961 gcealour.org.in alread check 383 times
gcealour.org.in regthroughothers
2016-04-21 16:25:42.350263 mccf.in alread check 384 times
mccf.in regthroughothers
2016-04-21 16:25:44.459661 schoolexpert.in alread check 385 times
schoolexpert.in regthroughothers
2016-04-21 16:25:46.580316 mapletreeschool.in alread check 386 times
mapletreeschool.in regthroughothers
2016-04-21 16:26:18.835880 theindianhighschool.in alread check 387 times
theindianhighschool.in regthroughothers
2016-04-21 16:26:21.005676 gcealour.org.in alread check 388 times
gcealour.org.in regthroughothers
2016-04-21 16:26:23.127391 mccf.in alread check 389 times
mccf.in regthroughothers
2016-04-21 16:26:25.255563 schoolexpert.in alread check 390 times
schoolexpert.in regthroughothers
2016-04-21 16:26:27.358881 mapletreeschool.in alread check 391 times
mapletreeschool.in regthroughothers
2016-04-21 16:26:59.497131 theindianhighschool.in alread check 392 times
theindianhighschool.in regthroughothers
2016-04-21 16:27:01.618807 gcealour.org.in alread check 393 times
gcealour.org.in regthroughothers
2016-04-21 16:27:03.745950 mccf.in alread check 394 times
mccf.in regthroughothers
2016-04-21 16:27:05.858363 schoolexpert.in alread check 395 times
schoolexpert.in regthroughothers
2016-04-21 16:27:08.001580 mapletreeschool.in alread check 396 times
mapletreeschool.in regthroughothers
2016-04-21 16:27:40.154221 theindianhighschool.in alread check 397 times
theindianhighschool.in regthroughothers
2016-04-21 16:27:42.311044 gcealour.org.in alread check 398 times
gcealour.org.in regthroughothers
2016-04-21 16:27:44.408571 mccf.in alread check 399 times
mccf.in regthroughothers
2016-04-21 16:27:46.615582 schoolexpert.in alread check 400 times
schoolexpert.in regthroughothers
2016-04-21 16:27:48.714297 mapletreeschool.in alread check 401 times
mapletreeschool.in regthroughothers
2016-04-21 16:28:20.839728 theindianhighschool.in alread check 402 times
theindianhighschool.in regthroughothers
2016-04-21 16:28:22.938995 gcealour.org.in alread check 403 times
gcealour.org.in regthroughothers
2016-04-21 16:28:25.145388 mccf.in alread check 404 times
mccf.in regthroughothers
2016-04-21 16:28:27.255172 schoolexpert.in alread check 405 times
schoolexpert.in regthroughothers
2016-04-21 16:28:29.367123 mapletreeschool.in alread check 406 times
mapletreeschool.in regthroughothers
2016-04-21 16:29:01.519396 theindianhighschool.in alread check 407 times
theindianhighschool.in regthroughothers
2016-04-21 16:29:03.643499 gcealour.org.in alread check 408 times
gcealour.org.in regthroughothers
2016-04-21 16:29:05.743622 mccf.in alread check 409 times
mccf.in regthroughothers
2016-04-21 16:29:08.026426 schoolexpert.in alread check 410 times
schoolexpert.in regthroughothers
2016-04-21 16:29:10.150699 mapletreeschool.in alread check 411 times
mapletreeschool.in regthroughothers
2016-04-21 16:29:42.342318 theindianhighschool.in alread check 412 times
theindianhighschool.in regthroughothers
2016-04-21 16:29:44.442727 gcealour.org.in alread check 413 times
gcealour.org.in regthroughothers
2016-04-21 16:29:46.556673 mccf.in alread check 414 times
mccf.in regthroughothers
2016-04-21 16:29:48.646976 schoolexpert.in alread check 415 times
schoolexpert.in regthroughothers
2016-04-21 16:29:50.781040 mapletreeschool.in alread check 416 times
mapletreeschool.in regthroughothers
2016-04-21 16:30:23.003439 theindianhighschool.in alread check 417 times
theindianhighschool.in regthroughothers
2016-04-21 16:30:25.196797 gcealour.org.in alread check 418 times
gcealour.org.in regthroughothers
2016-04-21 16:30:27.386910 mccf.in alread check 419 times
mccf.in regthroughothers
2016-04-21 16:30:29.660196 schoolexpert.in alread check 420 times
schoolexpert.in regthroughothers
2016-04-21 16:30:31.865316 mapletreeschool.in alread check 421 times
mapletreeschool.in regthroughothers
2016-04-21 16:31:04.034200 theindianhighschool.in alread check 422 times
theindianhighschool.in regthroughothers
2016-04-21 16:31:06.150713 gcealour.org.in alread check 423 times
gcealour.org.in regthroughothers
2016-04-21 16:31:08.313400 mccf.in alread check 424 times
mccf.in regthroughothers
2016-04-21 16:31:10.406095 schoolexpert.in alread check 425 times
schoolexpert.in regthroughothers
2016-04-21 16:31:12.508606 mapletreeschool.in alread check 426 times
mapletreeschool.in regthroughothers
2016-04-21 16:31:44.694199 theindianhighschool.in alread check 427 times
theindianhighschool.in regthroughothers
2016-04-21 16:31:46.802309 gcealour.org.in alread check 428 times
gcealour.org.in regthroughothers
2016-04-21 16:31:48.921784 mccf.in alread check 429 times
mccf.in regthroughothers
2016-04-21 16:31:51.005260 schoolexpert.in alread check 430 times
schoolexpert.in regthroughothers
2016-04-21 16:31:53.130270 mapletreeschool.in alread check 431 times
mapletreeschool.in regthroughothers
2016-04-21 16:32:25.247988 theindianhighschool.in alread check 432 times
theindianhighschool.in regthroughothers
2016-04-21 16:32:27.344784 gcealour.org.in alread check 433 times
gcealour.org.in regthroughothers
2016-04-21 16:32:29.449332 mccf.in alread check 434 times
mccf.in regthroughothers
2016-04-21 16:32:31.555765 schoolexpert.in alread check 435 times
schoolexpert.in regthroughothers
2016-04-21 16:32:33.726019 mapletreeschool.in alread check 436 times
mapletreeschool.in regthroughothers
2016-04-21 16:33:05.889503 theindianhighschool.in alread check 437 times
theindianhighschool.in regthroughothers
2016-04-21 16:33:07.989197 gcealour.org.in alread check 438 times
gcealour.org.in regthroughothers
2016-04-21 16:33:10.106419 mccf.in alread check 439 times
mccf.in regthroughothers
2016-04-21 16:33:12.199446 schoolexpert.in alread check 440 times
schoolexpert.in regthroughothers
2016-04-21 16:33:14.338038 mapletreeschool.in alread check 441 times
mapletreeschool.in regthroughothers
2016-04-21 16:33:46.496300 theindianhighschool.in alread check 442 times
theindianhighschool.in regthroughothers
2016-04-21 16:33:48.608052 gcealour.org.in alread check 443 times
gcealour.org.in regthroughothers
2016-04-21 16:33:50.716986 mccf.in alread check 444 times
mccf.in regthroughothers
2016-04-21 16:33:52.829007 schoolexpert.in alread check 445 times
schoolexpert.in regthroughothers
2016-04-21 16:33:54.944985 mapletreeschool.in alread check 446 times
mapletreeschool.in regthroughothers
2016-04-21 16:34:27.131970 theindianhighschool.in alread check 447 times
theindianhighschool.in regthroughothers
2016-04-21 16:34:29.402971 gcealour.org.in alread check 448 times
gcealour.org.in regthroughothers
2016-04-21 16:34:31.496060 mccf.in alread check 449 times
mccf.in regthroughothers
2016-04-21 16:34:33.603468 schoolexpert.in alread check 450 times
schoolexpert.in regthroughothers
2016-04-21 16:34:35.697953 mapletreeschool.in alread check 451 times
mapletreeschool.in regthroughothers
2016-04-21 16:35:07.863408 theindianhighschool.in alread check 452 times
theindianhighschool.in regthroughothers
2016-04-21 16:35:09.963320 gcealour.org.in alread check 453 times
gcealour.org.in regthroughothers
2016-04-21 16:35:12.087687 mccf.in alread check 454 times
mccf.in regthroughothers
2016-04-21 16:35:14.197656 schoolexpert.in alread check 455 times
schoolexpert.in regthroughothers
2016-04-21 16:35:16.315644 mapletreeschool.in alread check 456 times
mapletreeschool.in regthroughothers
2016-04-21 16:35:48.479142 theindianhighschool.in alread check 457 times
theindianhighschool.in regthroughothers
2016-04-21 16:35:50.597216 gcealour.org.in alread check 458 times
gcealour.org.in regthroughothers
2016-04-21 16:35:53.105142 mccf.in alread check 459 times
mccf.in regthroughothers
2016-04-21 16:35:55.229830 schoolexpert.in alread check 460 times
schoolexpert.in regthroughothers
2016-04-21 16:35:57.558614 mapletreeschool.in alread check 461 times
mapletreeschool.in regthroughothers
2016-04-21 16:36:29.691252 theindianhighschool.in alread check 462 times
theindianhighschool.in regthroughothers
2016-04-21 16:36:31.806852 gcealour.org.in alread check 463 times
gcealour.org.in regthroughothers
2016-04-21 16:36:33.910687 mccf.in alread check 464 times
mccf.in regthroughothers
2016-04-21 16:36:35.997183 schoolexpert.in alread check 465 times
schoolexpert.in 